<?xml version="1.0" encoding="UTF-8"?>
<testsuite xmlns:xsi="http://www.w3.org/2001/XMLSchema-instance" xsi:noNamespaceSchemaLocation="https://maven.apache.org/surefire/maven-surefire-plugin/xsd/surefire-test-report.xsd" name="LeagueTest" time="0.046" tests="6" errors="0" skipped="0" failures="0">
  <properties>
[...]
</properties>
  <testcase name="testAddMatch{SoccerMatch}[1]" classname="LeagueTest" time="0.018"/>
  <testcase name="testAddMatch{SoccerMatch}[2]" classname="LeagueTest" time="0"/>
  <testcase name="testAddMatch{SoccerMatch}[3]" classname="LeagueTest" time="0.001"/>
  <testcase name="testAddMatch{SoccerMatch}[4]" classname="LeagueTest" time="0.001"/>
  <testcase name="testAddMatch{SoccerMatch}[5]" classname="LeagueTest" time="0"/>
  <testcase name="testLeaderBoardString{Collection}[1]" classname="LeagueTest" time="0.003"/>
</testsuite>